[Datatraffic]
SOURCEPATH=D:\Protheus12\Repositorios\apo_oficial
ROOTPATH=D:\Protheus12\Protheus_Data_Oficial
STARTPATH=\system\
RPODB=SQL
RPOLANGUAGE=Portuguese
RPOVERSION=120
LOCALFILES=CTREE
LOCALDBEXTENSION=.dtc
PICTFORMAT=DEFAULT
DATEFORMAT=DEFAULT
REGIONALLANGUAGE=BRA
TOPDATABASE=ORACLE
TOPSERVER=LOCALHOST
TOPALIAS=SIGAP12
HELPSERVER=10.0.1.128:8081
MAXLOCKS=30000
TOPMEMOMEGA=1
;ECONOMYRES=01;02;03;04;05
;IXBLOG=NORUN
SpecialKey=DataTraffic

[DataTraffic002]
SOURCEPATH=D:\Protheus12\Repositorios\apo_oficial02
ROOTPATH=D:\Protheus12\Protheus_Data_Oficial
STARTPATH=\system\
RPODB=SQL
RPOLANGUAGE=Portuguese
RPOVERSION=120
LOCALFILES=CTREE
LOCALDBEXTENSION=.dtc
PICTFORMAT=DEFAULT
DATEFORMAT=DEFAULT
REGIONALLANGUAGE=BRA
TOPDATABASE=ORACLE
TOPSERVER=LOCALHOST
TOPALIAS=SIGAP12
HELPSERVER=10.0.1.128:8081
MAXLOCKS=30000
TOPMEMOMEGA=1
;ECONOMYRES=01;02;03;04;05
;IXBLOG=NORUN
SpecialKey=DataTraffic

[DataTraffic04]
SOURCEPATH=D:\Protheus12\Repositorios\apo_oficial04
ROOTPATH=D:\Protheus12\Protheus_Data_Oficial
STARTPATH=\system\
RPODB=SQL
RPOLANGUAGE=Portuguese
RPOVERSION=120
LOCALFILES=CTREE
LOCALDBEXTENSION=.dtc
PICTFORMAT=DEFAULT
DATEFORMAT=DEFAULT
REGIONALLANGUAGE=BRA
TOPDATABASE=ORACLE
TOPSERVER=LOCALHOST
TOPALIAS=SIGAP12
HELPSERVER=10.0.1.128:8081
MAXLOCKS=30000
TOPMEMOMEGA=1
;ECONOMYRES=01;02;03;04;05
;IXBLOG=NORUN
;REPOSITORIO PARA USO DO SIGAFAT ATE CORRECAO NFESEFAZ CARACTERES ESPECIAIS
SpecialKey=DataTraffic

[WorkFlow]
SourcePath=D:\Protheus12\Repositorios\apo_workflow
RootPath=D:\Protheus12\Protheus_Data_Oficial
StartPath=\system\
x2_path=
RpoDb=SQL
RpoLanguage=Portuguese
RpoVersion=120
LocalFiles=CTREE
localdbextension=.dtc
PictFormat=DEFAULT
DateFormat=DEFAULT
RegionalLanguage=BRA
TOPDATABASE=ORACLE
TOPSERVER=LOCALHOST
TOPALIAS=SIGAP12
helpserver=10.0.1.128:8081
SpecialKey=DataTraffic

[UPDATE]
Enable=1
PathWindows=D:\Protheus12\SmartClientEstacoes

[TopConnect]
DataBase=ORACLE
Server=Localhost
ALIAS=SIGAP12
PROTHEUSONLY=0
PORT=7890

[Drivers]
Active=TCP

[TCP]
TYPE=TCPIP
Port=2238

[General]
Segmento=2ByQpld2lIe9dFfuGBjc9yb3zbyR
Serie===AV
InactiveTimeOut=900
DebugThreadUsedMemory=1
ServerMemoryInfo=1
;CONSOLELOG=1
;ConsoleFile=C:\Utilitarios\Console.log

[LICENSECLIENT]
server=10.0.1.128
port=5555

[TCPSERVER]
Enable=0

[SERVICE]
NAME=TOTVS | Ambiente Oficial P12
DISPLAYNAME=TOTVS | 03 - Ambiente Oficial P12

[http]
ENVIRONMENT=DataTraffic
ENABLE=1
PATH=D:\Protheus12\Help
PORT=8081

[MAIL]
Protocol=IMAP
ExtendSMTP=1
AuthLOGIN=1
AuthNTLM=1
AuthPLAIN=0
Folder=inbox
SSLVersion=2

[Environment]
helpserver=DTF-WAPP-ERP

[OnStart]
JOBS=FatJobNFe0101,FatJobNFe0102,FatJobNFe0103,FWSCHDMANAG_WORKFLOW,FWSCHDQUEUE_WORKFLOW
RefreshRate=900

[FWSCHDMANAG_WORKFLOW]
Main=FWSCHDMANAG
Environment=WORKFLOW

[FWSCHDQUEUE_WORKFLOW]
Main=FWSCHDQUEUE
Environment=WORKFLOW

[FatJobNFe0101]
MAIN=FatJobNFe
ENVIRONMENT=DataTraffic
nParms=2
parm1=01
parm2=01
START_TIME=00:00:01
FINISH_TIME=23:59:59
INTERVAL=60
ACTIVATE=ON

[FatJobNFe0102]
MAIN=FatJobNFe
ENVIRONMENT=DataTraffic
nParms=2
parm1=01
parm2=02
START_TIME=00:00:01
FINISH_TIME=23:59:59
INTERVAL=60
ACTIVATE=ON

[FatJobNFe0103]
MAIN=FatJobNFe
ENVIRONMENT=DataTraffic
nParms=2
parm1=01
parm2=03
START_TIME=00:00:01
FINISH_TIME=23:59:59
INTERVAL=60
ACTIVATE=ON

[TDS]
ALLOWEDIT=10.0.1.128
ALLOWAPPLYPATCH=10.0.1.128
